<?xml version="1.0" encoding="UTF-8"?>
<!-- Generated by org.testng.reporters.JUnitReportReporter -->
<testsuite name="com.crm.tests.ContactsPageTest" tests="4" time="47.556" ignored="0" failures="0" timestamp="30 Aug 2018 20:09:17 GMT" skipped="0" hostname="Hemant-Vadher" errors="0">
  <testcase name="createNewContacts" time="10.895" classname="com.crm.tests.ContactsPageTest"/>
  <testcase name="createNewContacts" time="9.574" classname="com.crm.tests.ContactsPageTest"/>
  <testcase name="createNewContacts" time="15.771" classname="com.crm.tests.ContactsPageTest"/>
  <testcase name="createNewContacts" time="11.316" classname="com.crm.tests.ContactsPageTest"/>
</testsuite> <!-- com.crm.tests.ContactsPageTest -->
