<?xml version="1.0" encoding="UTF-8"?>
<!-- Generated by org.testng.reporters.JUnitReportReporter -->
<testsuite name="com.crm.tests.LoginPageTest" tests="2" time="26.784" ignored="0" failures="0" timestamp="29 Aug 2018 23:18:26 GMT" skipped="0" hostname="Hemant-Vadher" errors="0">
  <testcase name="LoginTest" time="17.837" classname="com.crm.tests.LoginPageTest"/>
  <testcase name="pageTitleTest" time="8.947" classname="com.crm.tests.LoginPageTest"/>
</testsuite> <!-- com.crm.tests.LoginPageTest -->
