<?xml version="1.0" encoding="UTF-8"?>
<!-- Generated by org.testng.reporters.JUnitReportReporter -->
<testsuite name="com.crm.tests.HomePageTest" tests="1" time="17.068" ignored="0" failures="0" timestamp="29 Aug 2018 23:18:26 GMT" skipped="0" hostname="Hemant-Vadher" errors="0">
  <testcase name="verifyContactsLinkTest" time="17.068" classname="com.crm.tests.HomePageTest"/>
</testsuite> <!-- com.crm.tests.HomePageTest -->
