<?xml version="1.0" encoding="UTF-8"?>
<!-- Generated by org.testng.reporters.JUnitReportReporter -->
<testsuite skipped="0" hostname="Hemant-Vadher" name="com.crm.tests.LoginPageTest" tests="2" failures="0" timestamp="05 Sep 2018 14:25:24 GMT" time="14.171" errors="0">
  <testcase name="pageTitleTest" time="0.048" classname="com.crm.tests.LoginPageTest"/>
  <testcase name="LoginTest" time="14.123" classname="com.crm.tests.LoginPageTest"/>
</testsuite> <!-- com.crm.tests.LoginPageTest -->
