<?xml version="1.0" encoding="UTF-8"?>
<!-- Generated by org.testng.reporters.JUnitReportReporter -->
<testsuite skipped="0" hostname="Hemant-Vadher" name="com.crm.tests.HomePageTest" tests="2" failures="0" timestamp="01 Sep 2018 01:34:44 GMT" time="23.107" errors="0">
  <testcase name="verifyPageTitleTest" time="12.220" classname="com.crm.tests.HomePageTest"/>
  <testcase name="verifyContactsLinkTest" time="10.887" classname="com.crm.tests.HomePageTest"/>
</testsuite> <!-- com.crm.tests.HomePageTest -->
