<?xml version="1.0" encoding="UTF-8"?>
<!-- Generated by org.testng.reporters.JUnitReportReporter -->
<testsuite skipped="0" hostname="Hemant-Vadher" name="com.crm.tests.ContactsPageTest" tests="5" failures="0" timestamp="01 Sep 2018 01:38:54 GMT" time="55.177" errors="0">
  <testcase name="selectTest2CheckBoxTest" time="14.013" classname="com.crm.tests.ContactsPageTest"/>
  <testcase name="createNewContacts" time="11.619" classname="com.crm.tests.ContactsPageTest"/>
  <testcase name="createNewContacts" time="9.740" classname="com.crm.tests.ContactsPageTest"/>
  <testcase name="createNewContacts" time="10.645" classname="com.crm.tests.ContactsPageTest"/>
  <testcase name="createNewContacts" time="9.160" classname="com.crm.tests.ContactsPageTest"/>
</testsuite> <!-- com.crm.tests.ContactsPageTest -->
